# JRE version: Java(TM) SE Runtime Environment (8.0_191-b12) (build 1.8.0_191-b12)
# Java VM: Java HotSpot(TM) Client VM (25.191-b12 mixed mode windows-x86 )
Heap:
 def new generation   total 68288K, used 54294K [0x04800000, 0x09210000, 0x0f2a0000)
  eden space 60736K,  89% used [0x04800000, 0x07d05b50, 0x08350000)
  from space 7552K,   0% used [0x08350000, 0x08350000, 0x08ab0000)
  to   space 7552K,   0% used [0x08ab0000, 0x08ab0000, 0x09210000)
 tenured generation   total 151576K, used 90944K [0x0f2a0000, 0x186a6000, 0x24800000)
   the space 151576K,  59% used [0x0f2a0000, 0x14b70320, 0x14b70400, 0x186a6000)
 Metaspace       used 25342K, capacity 26048K, committed 26496K, reserved 27008K
GC Heap History (10 events):
Event: 1473.229 GC heap before
{Heap before GC invocations=45 (full 4):
 def new generation   total 50112K, used 50112K [0x04800000, 0x07e60000, 0x0f2a0000)
  eden space 44544K, 100% used [0x04800000, 0x07380000, 0x07380000)
  from space 5568K, 100% used [0x078f0000, 0x07e60000, 0x07e60000)
  to   space 5568K,   0% used [0x07380000, 0x07380000, 0x078f0000)
 tenured generation   total 111300K, used 102640K [0x0f2a0000, 0x15f51000, 0x24800000)
   the space 111300K,  92% used [0x0f2a0000, 0x156dc0f0, 0x156dc200, 0x15f51000)
 Metaspace       used 25342K, capacity 26046K, committed 26496K, reserved 27008K
Event: 1473.310 GC heap after
Heap after GC invocations=46 (full 4):
 def new generation   total 50112K, used 4254K [0x04800000, 0x07e60000, 0x0f2a0000)
  eden space 44544K,   0% used [0x04800000, 0x04800000, 0x07380000)
  from space 5568K,  76% used [0x07380000, 0x077a7ac8, 0x078f0000)
  to   space 5568K,   0% used [0x078f0000, 0x078f0000, 0x07e60000)
 tenured generation   total 111300K, used 108207K [0x0f2a0000, 0x15f51000, 0x24800000)
   the space 111300K,  97% used [0x0f2a0000, 0x15c4bd68, 0x15c4be00, 0x15f51000)
 Metaspace       used 25342K, capacity 26046K, committed 26496K, reserved 27008K
}
Event: 1492.585 GC heap before
{Heap before GC invocations=46 (full 4):
 def new generation   total 50112K, used 48798K [0x04800000, 0x07e60000, 0x0f2a0000)
  eden space 44544K, 100% used [0x04800000, 0x07380000, 0x07380000)
  from space 5568K,  76% used [0x07380000, 0x077a7ac8, 0x078f0000)
  to   space 5568K,   0% used [0x078f0000, 0x078f0000, 0x07e60000)
 tenured generation   total 111300K, used 108207K [0x0f2a0000, 0x15f51000, 0x24800000)
   the space 111300K,  97% used [0x0f2a0000, 0x15c4bd68, 0x15c4be00, 0x15f51000)
 Metaspace       used 25342K, capacity 26046K, committed 26496K, reserved 27008K
Event: 1492.619 GC heap after
Heap after GC invocations=47 (full 4):
 def new generation   total 50112K, used 671K [0x04800000, 0x07e60000, 0x0f2a0000)
  eden space 44544K,   0% used [0x04800000, 0x04800000, 0x07380000)
  from space 5568K,  12% used [0x078f0000, 0x07997f98, 0x07e60000)
  to   space 5568K,   0% used [0x07380000, 0x07380000, 0x078f0000)
 tenured generation   total 111300K, used 110400K [0x0f2a0000, 0x15f51000, 0x24800000)
   the space 111300K,  99% used [0x0f2a0000, 0x15e70390, 0x15e70400, 0x15f51000)
 Metaspace       used 25342K, capacity 26046K, committed 26496K, reserved 27008K
}
Event: 1509.141 GC heap before
{Heap before GC invocations=47 (full 4):
 def new generation   total 50112K, used 45215K [0x04800000, 0x07e60000, 0x0f2a0000)
  eden space 44544K, 100% used [0x04800000, 0x07380000, 0x07380000)
  from space 5568K,  12% used [0x078f0000, 0x07997f98, 0x07e60000)
  to   space 5568K,   0% used [0x07380000, 0x07380000, 0x078f0000)
 tenured generation   total 111300K, used 110400K [0x0f2a0000, 0x15f51000, 0x24800000)
   the space 111300K,  99% used [0x0f2a0000, 0x15e70390, 0x15e70400, 0x15f51000)
 Metaspace       used 25342K, capacity 26046K, committed 26496K, reserved 27008K
Event: 1509.153 GC heap after
Heap after GC invocations=48 (full 4):
 def new generation   total 50112K, used 1244K [0x04800000, 0x07e60000, 0x0f2a0000)
  eden space 44544K,   0% used [0x04800000, 0x04800000, 0x07380000)
  from space 5568K,  22% used [0x07380000, 0x074b7100, 0x078f0000)
  to   space 5568K,   0% used [0x078f0000, 0x078f0000, 0x07e60000)
 tenured generation   total 111300K, used 110400K [0x0f2a0000, 0x15f51000, 0x24800000)
   the space 111300K,  99% used [0x0f2a0000, 0x15e70390, 0x15e70400, 0x15f51000)
 Metaspace       used 25342K, capacity 26046K, committed 26496K, reserved 27008K
}
Event: 1529.432 GC heap before
{Heap before GC invocations=48 (full 4):
 def new generation   total 50112K, used 45788K [0x04800000, 0x07e60000, 0x0f2a0000)
  eden space 44544K, 100% used [0x04800000, 0x07380000, 0x07380000)
  from space 5568K,  22% used [0x07380000, 0x074b7100, 0x078f0000)
  to   space 5568K,   0% used [0x078f0000, 0x078f0000, 0x07e60000)
 tenured generation   total 111300K, used 110400K [0x0f2a0000, 0x15f51000, 0x24800000)
   the space 111300K,  99% used [0x0f2a0000, 0x15e70390, 0x15e70400, 0x15f51000)
 Metaspace       used 25342K, capacity 26046K, committed 26496K, reserved 27008K
Event: 1529.465 GC heap after
Heap after GC invocations=49 (full 4):
 def new generation   total 50112K, used 3799K [0x04800000, 0x07e60000, 0x0f2a0000)
  eden space 44544K,   0% used [0x04800000, 0x04800000, 0x07380000)
  from space 5568K,  68% used [0x078f0000, 0x07ca5f20, 0x07e60000)
  to   space 5568K,   0% used [0x07380000, 0x07380000, 0x078f0000)
 tenured generation   total 111300K, used 110400K [0x0f2a0000, 0x15f51000, 0x24800000)
   the space 111300K,  99% used [0x0f2a0000, 0x15e70390, 0x15e70400, 0x15f51000)
 Metaspace       used 25342K, capacity 26046K, committed 26496K, reserved 27008K
}
Event: 1544.727 GC heap before
{Heap before GC invocations=49 (full 4):
 def new generation   total 50112K, used 48343K [0x04800000, 0x07e60000, 0x0f2a0000)
  eden space 44544K, 100% used [0x04800000, 0x07380000, 0x07380000)
  from space 5568K,  68% used [0x078f0000, 0x07ca5f20, 0x07e60000)
  to   space 5568K,   0% used [0x07380000, 0x07380000, 0x078f0000)
 tenured generation   total 111300K, used 110400K [0x0f2a0000, 0x15f51000, 0x24800000)
   the space 111300K,  99% used [0x0f2a0000, 0x15e70390, 0x15e70400, 0x15f51000)
 Metaspace       used 25342K, capacity 26046K, committed 26496K, reserved 27008K
Event: 1545.031 GC heap after
Heap after GC invocations=50 (full 5):
 def new generation   total 68288K, used 0K [0x04800000, 0x09210000, 0x0f2a0000)
  eden space 60736K,   0% used [0x04800000, 0x04800000, 0x08350000)
  from space 7552K,   0% used [0x08350000, 0x08350000, 0x08ab0000)
  to   space 7552K,   0% used [0x08ab0000, 0x08ab0000, 0x09210000)
 tenured generation   total 151576K, used 90944K [0x0f2a0000, 0x186a6000, 0x24800000)
   the space 151576K,  59% used [0x0f2a0000, 0x14b70320, 0x14b70400, 0x186a6000)
 Metaspace       used 25340K, capacity 26043K, committed 26496K, reserved 27008K
}

